# JRE version: OpenJDK Runtime Environment (23.0.2+7) (build 23.0.2+7-58)
# Java VM: OpenJDK 64-Bit Server VM (23.0.2+7-58, mixed mode, emulated-client, sharing, tiered, compressed oops, compressed class ptrs, g1 gc, windows-amd64)
GC Precious Log:
 CardTable entry size: 512
 Card Set container configuration: InlinePtr #cards 5 size 8 Array Of Cards #cards 10 size 36 Howl #buckets 4 coarsen threshold 1843 Howl Bitmap #cards 512 size 80 coarsen threshold 460 Card regions per heap region 1 cards per card region 2048
 CPUs: 12 total, 12 available
 Memory: 7916M
 Large Page Support: Disabled
 NUMA Support: Disabled
 Compressed Oops: Enabled (32-bit)
 Heap Region Size: 1M
 Heap Min Capacity: 8M
 Heap Initial Capacity: 124M
 Heap Max Capacity: 1980M
 Pre-touch: Disabled
 Parallel Workers: 10
 Concurrent Workers: 3
 Concurrent Refinement Workers: 10
 Periodic GC: Disabled
Heap:
 garbage-first heap   total reserved 2027520K, committed 201728K, used 86210K [0x0000000084400000, 0x0000000100000000)
  region size 1024K, 30 young (30720K), 2 survivors (2048K)
 Metaspace       used 95343K, committed 96320K, reserved 1179648K
  class space    used 14313K, committed 14784K, reserved 1048576K
GC Heap History (20 events):
Event: 9988.241 GC heap after
{Heap after GC invocations=58 (full 0):
 garbage-first heap   total reserved 2027520K, committed 249856K, used 65647K [0x0000000084400000, 0x0000000100000000)
  region size 1024K, 4 young (4096K), 4 survivors (4096K)
 Metaspace       used 94871K, committed 95936K, reserved 1179648K
  class space    used 14199K, committed 14656K, reserved 1048576K
}
Event: 10559.370 GC heap before
{Heap before GC invocations=59 (full 0):
 garbage-first heap   total reserved 2027520K, committed 222208K, used 193647K [0x0000000084400000, 0x0000000100000000)
  region size 1024K, 130 young (133120K), 4 survivors (4096K)
 Metaspace       used 94879K, committed 95936K, reserved 1179648K
  class space    used 14201K, committed 14656K, reserved 1048576K
}
Event: 10559.440 GC heap after
{Heap after GC invocations=60 (full 0):
 garbage-first heap   total reserved 2027520K, committed 222208K, used 65867K [0x0000000084400000, 0x0000000100000000)
  region size 1024K, 4 young (4096K), 4 survivors (4096K)
 Metaspace       used 94879K, committed 95936K, reserved 1179648K
  class space    used 14201K, committed 14656K, reserved 1048576K
}
Event: 13968.647 GC heap before
{Heap before GC invocations=60 (full 0):
 garbage-first heap   total reserved 2027520K, committed 222208K, used 194891K [0x0000000084400000, 0x0000000100000000)
  region size 1024K, 130 young (133120K), 4 survivors (4096K)
 Metaspace       used 94910K, committed 95936K, reserved 1179648K
  class space    used 14209K, committed 14656K, reserved 1048576K
}
Event: 13968.834 GC heap after
{Heap after GC invocations=61 (full 0):
 garbage-first heap   total reserved 2027520K, committed 222208K, used 61485K [0x0000000084400000, 0x0000000100000000)
  region size 1024K, 2 young (2048K), 2 survivors (2048K)
 Metaspace       used 94910K, committed 95936K, reserved 1179648K
  class space    used 14209K, committed 14656K, reserved 1048576K
}
Event: 14518.978 GC heap before
{Heap before GC invocations=61 (full 0):
 garbage-first heap   total reserved 2027520K, committed 222208K, used 192557K [0x0000000084400000, 0x0000000100000000)
  region size 1024K, 130 young (133120K), 2 survivors (2048K)
 Metaspace       used 94933K, committed 95936K, reserved 1179648K
  class space    used 14215K, committed 14656K, reserved 1048576K
}
Event: 14519.097 GC heap after
{Heap after GC invocations=62 (full 0):
 garbage-first heap   total reserved 2027520K, committed 222208K, used 60307K [0x0000000084400000, 0x0000000100000000)
  region size 1024K, 2 young (2048K), 2 survivors (2048K)
 Metaspace       used 94933K, committed 95936K, reserved 1179648K
  class space    used 14215K, committed 14656K, reserved 1048576K
}
Event: 15105.273 GC heap before
{Heap before GC invocations=62 (full 0):
 garbage-first heap   total reserved 2027520K, committed 222208K, used 191379K [0x0000000084400000, 0x0000000100000000)
  region size 1024K, 130 young (133120K), 2 survivors (2048K)
 Metaspace       used 94933K, committed 95936K, reserved 1179648K
  class space    used 14215K, committed 14656K, reserved 1048576K
}
Event: 15105.362 GC heap after
{Heap after GC invocations=63 (full 0):
 garbage-first heap   total reserved 2027520K, committed 222208K, used 59756K [0x0000000084400000, 0x0000000100000000)
  region size 1024K, 2 young (2048K), 2 survivors (2048K)
 Metaspace       used 94933K, committed 95936K, reserved 1179648K
  class space    used 14215K, committed 14656K, reserved 1048576K
}
Event: 15749.310 GC heap before
{Heap before GC invocations=63 (full 0):
 garbage-first heap   total reserved 2027520K, committed 222208K, used 190828K [0x0000000084400000, 0x0000000100000000)
  region size 1024K, 130 young (133120K), 2 survivors (2048K)
 Metaspace       used 94935K, committed 95936K, reserved 1179648K
  class space    used 14216K, committed 14656K, reserved 1048576K
}
Event: 15749.442 GC heap after
{Heap after GC invocations=64 (full 0):
 garbage-first heap   total reserved 2027520K, committed 222208K, used 59783K [0x0000000084400000, 0x0000000100000000)
  region size 1024K, 1 young (1024K), 1 survivors (1024K)
 Metaspace       used 94935K, committed 95936K, reserved 1179648K
  class space    used 14216K, committed 14656K, reserved 1048576K
}
Event: 16328.484 GC heap before
{Heap before GC invocations=65 (full 0):
 garbage-first heap   total reserved 2027520K, committed 204800K, used 181639K [0x0000000084400000, 0x0000000100000000)
  region size 1024K, 120 young (122880K), 1 survivors (1024K)
 Metaspace       used 94876K, committed 95936K, reserved 1179648K
  class space    used 14198K, committed 14656K, reserved 1048576K
}
Event: 16328.561 GC heap after
{Heap after GC invocations=66 (full 0):
 garbage-first heap   total reserved 2027520K, committed 204800K, used 59944K [0x0000000084400000, 0x0000000100000000)
  region size 1024K, 2 young (2048K), 2 survivors (2048K)
 Metaspace       used 94876K, committed 95936K, reserved 1179648K
  class space    used 14198K, committed 14656K, reserved 1048576K
}
Event: 16868.825 GC heap before
{Heap before GC invocations=66 (full 0):
 garbage-first heap   total reserved 2027520K, committed 204800K, used 180776K [0x0000000084400000, 0x0000000100000000)
  region size 1024K, 120 young (122880K), 2 survivors (2048K)
 Metaspace       used 94930K, committed 95936K, reserved 1179648K
  class space    used 14213K, committed 14656K, reserved 1048576K
}
Event: 16868.988 GC heap after
{Heap after GC invocations=67 (full 0):
 garbage-first heap   total reserved 2027520K, committed 204800K, used 57752K [0x0000000084400000, 0x0000000100000000)
  region size 1024K, 2 young (2048K), 2 survivors (2048K)
 Metaspace       used 94930K, committed 95936K, reserved 1179648K
  class space    used 14213K, committed 14656K, reserved 1048576K
}
Event: 17462.982 GC heap before
{Heap before GC invocations=67 (full 0):
 garbage-first heap   total reserved 2027520K, committed 204800K, used 178584K [0x0000000084400000, 0x0000000100000000)
  region size 1024K, 120 young (122880K), 2 survivors (2048K)
 Metaspace       used 94930K, committed 95936K, reserved 1179648K
  class space    used 14213K, committed 14656K, reserved 1048576K
}
Event: 17463.177 GC heap after
{Heap after GC invocations=68 (full 0):
 garbage-first heap   total reserved 2027520K, committed 204800K, used 57768K [0x0000000084400000, 0x0000000100000000)
  region size 1024K, 2 young (2048K), 2 survivors (2048K)
 Metaspace       used 94930K, committed 95936K, reserved 1179648K
  class space    used 14213K, committed 14656K, reserved 1048576K
}
Event: 17863.459 GC heap before
{Heap before GC invocations=69 (full 0):
 garbage-first heap   total reserved 2027520K, committed 201728K, used 175528K [0x0000000084400000, 0x0000000100000000)
  region size 1024K, 118 young (120832K), 2 survivors (2048K)
 Metaspace       used 95186K, committed 96128K, reserved 1179648K
  class space    used 14275K, committed 14720K, reserved 1048576K
}
Event: 17863.783 GC heap after
{Heap after GC invocations=70 (full 0):
 garbage-first heap   total reserved 2027520K, committed 201728K, used 58562K [0x0000000084400000, 0x0000000100000000)
  region size 1024K, 2 young (2048K), 2 survivors (2048K)
 Metaspace       used 95186K, committed 96128K, reserved 1179648K
  class space    used 14275K, committed 14720K, reserved 1048576K
}
Event: 18016.630 GC heap before
{Heap before GC invocations=70 (full 0):
 garbage-first heap   total reserved 2027520K, committed 201728K, used 86210K [0x0000000084400000, 0x0000000100000000)
  region size 1024K, 30 young (30720K), 2 survivors (2048K)
 Metaspace       used 95343K, committed 96320K, reserved 1179648K
  class space    used 14313K, committed 14784K, reserved 1048576K
}

